2019-12-08 16:58:51,751 INFO o.a.j.u.JMeterUtils: Setting Locale to en_EN
2019-12-08 16:58:51,803 INFO o.a.j.JMeter: Loading user properties from: /usr/local/Cellar/jmeter/5.2.1/libexec/bin/user.properties
2019-12-08 16:58:51,804 INFO o.a.j.JMeter: Loading system properties from: /usr/local/Cellar/jmeter/5.2.1/libexec/bin/system.properties
2019-12-08 16:58:51,807 INFO o.a.j.JMeter: Copyright (c) 1998-2019 The Apache Software Foundation
2019-12-08 16:58:51,807 INFO o.a.j.JMeter: Version 5.2.1
2019-12-08 16:58:51,807 INFO o.a.j.JMeter: java.version=1.8.0_91
2019-12-08 16:58:51,808 INFO o.a.j.JMeter: java.vm.name=Java HotSpot(TM) 64-Bit Server VM
2019-12-08 16:58:51,808 INFO o.a.j.JMeter: os.name=Mac OS X
2019-12-08 16:58:51,808 INFO o.a.j.JMeter: os.arch=x86_64
2019-12-08 16:58:51,808 INFO o.a.j.JMeter: os.version=10.12.6
2019-12-08 16:58:51,808 INFO o.a.j.JMeter: file.encoding=UTF-8
2019-12-08 16:58:51,808 INFO o.a.j.JMeter: java.awt.headless=null
2019-12-08 16:58:51,808 INFO o.a.j.JMeter: Max memory     =1073741824
2019-12-08 16:58:51,808 INFO o.a.j.JMeter: Available Processors =4
2019-12-08 16:58:51,814 INFO o.a.j.JMeter: Default Locale=English (EN)
2019-12-08 16:58:51,815 INFO o.a.j.JMeter: JMeter  Locale=English (EN)
2019-12-08 16:58:51,815 INFO o.a.j.JMeter: JMeterHome=/usr/local/Cellar/jmeter/5.2.1/libexec
2019-12-08 16:58:51,815 INFO o.a.j.JMeter: user.dir  =/Users/frankmac/Documents/library-workspace/concurrent-downloader-cli
2019-12-08 16:58:51,815 INFO o.a.j.JMeter: PWD       =/Users/frankmac/Documents/library-workspace/concurrent-downloader-cli
2019-12-08 16:58:51,816 INFO o.a.j.JMeter: IP: 10.36.5.239 Name: v1040-wn-rt-c-5-239.campus-dynamic.uwaterloo.ca FullName: v1040-wn-rt-c-5-239.campus-dynamic.uwaterloo.ca
